<?xml version="1.0" encoding="utf-8"?><testsuites name="pytest tests"><testsuite name="pytest" errors="0" failures="1" skipped="0" tests="19" time="2.286" timestamp="2026-04-22T01:23:09.339328+00:00" hostname="agent-env-57e09983-a8f2-42fa-aa26-37b37a1d6497"><testcase classname="backend.tests.test_reviews_partner_logos.TestReviews" name="test_create_review_main" time="0.254" /><testcase classname="backend.tests.test_reviews_partner_logos.TestReviews" name="test_create_review_university_change" time="0.063" /><testcase classname="backend.tests.test_reviews_partner_logos.TestReviews" name="test_create_review_germany_fair" time="0.054" /><testcase classname="backend.tests.test_reviews_partner_logos.TestReviews" name="test_public_reviews_filtered_by_page" time="0.187" /><testcase classname="backend.tests.test_reviews_partner_logos.TestReviews" name="test_dashboard_reviews_lists_all" time="0.056" /><testcase classname="backend.tests.test_reviews_partner_logos.TestReviews" name="test_dashboard_reviews_requires_auth" time="0.053" /><testcase classname="backend.tests.test_reviews_partner_logos.TestReviews" name="test_toggle_review_hides_from_public" time="0.177" /><testcase classname="backend.tests.test_reviews_partner_logos.TestReviews" name="test_delete_review" time="0.063"><failure message="KeyError: 'review_id'">backend/tests/test_reviews_partner_logos.py:129: in test_delete_review
    rid = session.post(f"{BASE_URL}/api/dashboard/reviews", params=AUTH, json=payload).json()["review_id"]
          ^^^^^^^^^^^^^^^^^^^^^^^^^^^^^^^^^^^^^^^^^^^^^^^^^^^^^^^^^^^^^^^^^^^^^^^^^^^^^^^^^^^^^^^^^^^^^^^^
E   KeyError: 'review_id'</failure></testcase><testcase classname="backend.tests.test_reviews_partner_logos.TestPartnerLogos" name="test_public_partner_logos_returns_shape" time="0.067" /><testcase classname="backend.tests.test_reviews_partner_logos.TestPartnerLogos" name="test_dashboard_partner_logos_requires_auth" time="0.054" /><testcase classname="backend.tests.test_reviews_partner_logos.TestPartnerLogos" name="test_upload_partner_logo_main_and_germany" time="0.064" /><testcase classname="backend.tests.test_reviews_partner_logos.TestPartnerLogos" name="test_upload_partner_logo_university_change" time="0.057" /><testcase classname="backend.tests.test_reviews_partner_logos.TestPartnerLogos" name="test_filter_by_page" time="0.167" /><testcase classname="backend.tests.test_reviews_partner_logos.TestPartnerLogos" name="test_pages_field_is_a_list" time="0.054" /><testcase classname="backend.tests.test_reviews_partner_logos.TestPartnerLogos" name="test_toggle_hides_from_public_but_visible_to_dashboard" time="0.248" /><testcase classname="backend.tests.test_reviews_partner_logos.TestPartnerLogos" name="test_reject_invalid_page" time="0.094" /><testcase classname="backend.tests.test_reviews_partner_logos.TestPartnerLogos" name="test_reject_non_image" time="0.053" /><testcase classname="backend.tests.test_reviews_partner_logos.TestPartnerLogos" name="test_reject_oversize" time="0.246" /><testcase classname="backend.tests.test_reviews_partner_logos.TestPartnerLogos" name="test_delete_partner_logo" time="0.173" /></testsuite></testsuites>